<?xml version="1.0" encoding="UTF-8"?>
<testng-results ignored="0" total="1" passed="1" failed="0" skipped="0">
  <reporter-output>
  </reporter-output>
  <suite started-at="2021-09-08T12:56:39 IST" name="Default suite" finished-at="2021-09-08T12:56:56 IST" duration-ms="16860">
    <groups>
    </groups>
    <test started-at="2021-09-08T12:56:39 IST" name="Default test" finished-at="2021-09-08T12:56:56 IST" duration-ms="16860">
      <class name="com.kelter.contacts.contactsTesting">
        <test-method signature="Contacts()[pri:0, instance:com.kelter.contacts.contactsTesting@6d4e5011]" started-at="2021-09-08T12:56:39 IST" name="Contacts" finished-at="2021-09-08T12:56:56 IST" duration-ms="16767" status="PASS">
          <reporter-output>
          </reporter-output>
        </test-method> <!-- Contacts -->
      </class> <!-- com.kelter.contacts.contactsTesting -->
    </test> <!-- Default test -->
  </suite> <!-- Default suite -->
</testng-results>
